android/app/build/intermediates/manifest_merge_blame_file/release/manifest-merger-blame-release-report.txt
1<?xml version="1.0" encoding="utf-8"?>
2<manifest xmlns:android="http://schemas.android.com/apk/res/android"
3    package="io.ionic.starter"
4    android:versionCode="1"
5    android:versionName="1.0" >
6
7    <uses-sdk
8        android:minSdkVersion="21"
8-->src\main\AndroidManifest.xml
9        android:targetSdkVersion="30" />
9-->src\main\AndroidManifest.xml
10
11    <!-- Permissions -->
12
13    <uses-permission android:name="android.permission.INTERNET" />
13-->src\main\AndroidManifest.xml:40:5-67
13-->src\main\AndroidManifest.xml:40:22-64
14    <uses-permission android:name="android.permission.READ_EXTERNAL_STORAGE" />
14-->src\main\AndroidManifest.xml:41:5-79
14-->src\main\AndroidManifest.xml:41:22-77
15    <uses-permission android:name="android.permission.WRITE_EXTERNAL_STORAGE" />
15-->src\main\AndroidManifest.xml:42:5-81
15-->src\main\AndroidManifest.xml:42:22-78
16
17    <queries>
17-->[:capacitor-camera] AndroidManifest.xml:9:5-13:15
18        <intent>
18-->[:capacitor-camera] AndroidManifest.xml:10:9-12:18
19            <action android:name="android.media.action.IMAGE_CAPTURE" />
19-->[:capacitor-camera] AndroidManifest.xml:11:13-73
19-->[:capacitor-camera] AndroidManifest.xml:11:21-70
20        </intent>
21    </queries>
22
23    <uses-permission android:name="android.permission.VIBRATE" />
23-->[:capacitor-haptics] AndroidManifest.xml:9:5-66
23-->[:capacitor-haptics] AndroidManifest.xml:9:22-63
24
25    <application
25-->src\main\AndroidManifest.xml:5:5-36:19
26        android:allowBackup="true"
26-->src\main\AndroidManifest.xml:6:9-35
27        android:appComponentFactory="androidx.core.app.CoreComponentFactory"
27-->[androidx.core:core:1.3.2] AndroidManifest.xml:24:18-86
28        android:icon="@mipmap/ic_launcher"
28-->src\main\AndroidManifest.xml:7:9-43
29        android:label="@string/app_name"
29-->src\main\AndroidManifest.xml:8:9-41
30        android:roundIcon="@mipmap/ic_launcher_round"
30-->src\main\AndroidManifest.xml:9:9-54
31        android:supportsRtl="true"
31-->src\main\AndroidManifest.xml:10:9-35
32        android:theme="@style/AppTheme" >
32-->src\main\AndroidManifest.xml:11:9-40
33        <activity
33-->src\main\AndroidManifest.xml:13:9-25:20
34            android:name="io.ionic.starter.MainActivity"
34-->src\main\AndroidManifest.xml:15:13-57
35            android:configChanges="orientation|keyboardHidden|keyboard|screenSize|locale|smallestScreenSize|screenLayout|uiMode"
35-->src\main\AndroidManifest.xml:14:13-129
36            android:label="@string/title_activity_main"
36-->src\main\AndroidManifest.xml:16:13-56
37            android:launchMode="singleTask"
37-->src\main\AndroidManifest.xml:18:13-44
38            android:theme="@style/AppTheme.NoActionBarLaunch" >
38-->src\main\AndroidManifest.xml:17:13-62
39            <intent-filter>
39-->src\main\AndroidManifest.xml:20:13-23:29
40                <action android:name="android.intent.action.MAIN" />
40-->src\main\AndroidManifest.xml:21:17-69
40-->src\main\AndroidManifest.xml:21:25-66
41
42                <category android:name="android.intent.category.LAUNCHER" />
42-->src\main\AndroidManifest.xml:22:17-77
42-->src\main\AndroidManifest.xml:22:27-74
43            </intent-filter>
44        </activity>
45
46        <provider
47            android:name="androidx.core.content.FileProvider"
47-->src\main\AndroidManifest.xml:28:13-62
48            android:authorities="io.ionic.starter.fileprovider"
48-->src\main\AndroidManifest.xml:29:13-64
49            android:exported="false"
49-->src\main\AndroidManifest.xml:30:13-37
50            android:grantUriPermissions="true" >
50-->src\main\AndroidManifest.xml:31:13-47
51            <meta-data
51-->src\main\AndroidManifest.xml:32:13-34:64
52                android:name="android.support.FILE_PROVIDER_PATHS"
52-->src\main\AndroidManifest.xml:33:17-67
53                android:resource="@xml/file_paths" />
53-->src\main\AndroidManifest.xml:34:17-51
54        </provider>
55    </application>
56
57</manifest>